{"level":"info","message":"Starting payment intent creation","operation":"createPaymentIntent","timestamp":"2024-11-04 00:35:47","userId":"3da68182-3e66-4c03-b9e9-5cea859d090d","videoId":"7cab8dda-6c9e-4901-8883-46ea478da582"}
{"level":"info","message":"Purchase record created","operation":"createPaymentIntent","purchaseId":"54172517-51f5-4cc5-a422-c180dbf82148","timestamp":"2024-11-04 00:35:47","userId":"3da68182-3e66-4c03-b9e9-5cea859d090d","videoId":"7cab8dda-6c9e-4901-8883-46ea478da582"}
{"level":"info","message":"Payment intent created successfully","operation":"createPaymentIntent","paymentIntentId":"pi_3QHKpDRp6s2wyKm71PU22wuE","purchaseId":"54172517-51f5-4cc5-a422-c180dbf82148","timestamp":"2024-11-04 00:35:47","userId":"3da68182-3e66-4c03-b9e9-5cea859d090d","videoId":"7cab8dda-6c9e-4901-8883-46ea478da582"}
{"level":"info","message":"Starting payment intent creation","operation":"createPaymentIntent","timestamp":"2024-11-04 08:20:14","userId":"bcfb3da4-e8e9-4c38-be04-67627b1d368f","videoId":"09e875c7-b74b-4a0d-9d77-ef9e7d584b7b"}
{"level":"info","message":"Purchase record created","operation":"createPaymentIntent","purchaseId":"c1add101-28b9-4e6b-a3fc-54fe6c7f6644","timestamp":"2024-11-04 08:20:14","userId":"bcfb3da4-e8e9-4c38-be04-67627b1d368f","videoId":"09e875c7-b74b-4a0d-9d77-ef9e7d584b7b"}
{"level":"info","message":"Payment intent created successfully","operation":"createPaymentIntent","paymentIntentId":"pi_3QHS4gRp6s2wyKm70SuKlJDR","purchaseId":"c1add101-28b9-4e6b-a3fc-54fe6c7f6644","timestamp":"2024-11-04 08:20:14","userId":"bcfb3da4-e8e9-4c38-be04-67627b1d368f","videoId":"09e875c7-b74b-4a0d-9d77-ef9e7d584b7b"}
{"level":"info","message":"Starting payment intent creation","operation":"createPaymentIntent","timestamp":"2024-11-04 08:55:33","userId":"bcfb3da4-e8e9-4c38-be04-67627b1d368f","videoId":"3459bf3d-30c7-4e70-9b5f-b1f74ff83958"}
{"level":"info","message":"Starting payment intent creation","operation":"createPaymentIntent","timestamp":"2024-11-04 09:01:11","userId":"bcfb3da4-e8e9-4c38-be04-67627b1d368f","videoId":"0d485723-2ab6-457c-adeb-c7d868d5e116"}
{"level":"info","message":"Starting payment intent creation","operation":"createPaymentIntent","timestamp":"2024-11-04 09:05:48","userId":"bcfb3da4-e8e9-4c38-be04-67627b1d368f","videoId":"a167d231-8b26-49f4-a18b-62a9fa2e55e9"}
{"level":"info","message":"Starting payment intent creation","operation":"createPaymentIntent","timestamp":"2024-11-04 09:15:32","userId":"bcfb3da4-e8e9-4c38-be04-67627b1d368f","videoId":"4ddfc9d8-b931-4704-96b4-63bb50c23d1d"}
{"level":"info","message":"Starting payment intent creation","operation":"createPaymentIntent","timestamp":"2024-11-04 09:17:46","userId":"bcfb3da4-e8e9-4c38-be04-67627b1d368f","videoId":"a167d231-8b26-49f4-a18b-62a9fa2e55e9"}
{"level":"info","message":"Starting payment intent creation","operation":"createPaymentIntent","timestamp":"2024-11-04 09:34:06","userId":"bcfb3da4-e8e9-4c38-be04-67627b1d368f","videoId":"b34906bb-3929-45de-951e-5273c3069ef3"}
{"level":"info","message":"Starting payment intent creation","operation":"createPaymentIntent","timestamp":"2024-11-04 09:45:00","userId":"bcfb3da4-e8e9-4c38-be04-67627b1d368f","videoId":"b34906bb-3929-45de-951e-5273c3069ef3"}
{"level":"info","message":"Starting payment intent creation","operation":"createPaymentIntent","timestamp":"2024-11-04 09:45:47","userId":"bcfb3da4-e8e9-4c38-be04-67627b1d368f","videoId":"b3b1bcc7-12b8-40ba-b4de-c4d41d94d00d"}
{"level":"info","message":"Starting payment intent creation","operation":"createPaymentIntent","timestamp":"2024-11-04 09:52:21","userId":"bcfb3da4-e8e9-4c38-be04-67627b1d368f","videoId":"0d485723-2ab6-457c-adeb-c7d868d5e116"}
{"level":"info","message":"Starting payment intent creation","operation":"createPaymentIntent","timestamp":"2024-11-04 09:55:16","userId":"bcfb3da4-e8e9-4c38-be04-67627b1d368f","videoId":"f1d62f6a-824d-4979-8eb4-011e8777cd2b"}
{"level":"info","message":"Starting payment intent creation","operation":"createPaymentIntent","timestamp":"2024-11-04 09:58:48","userId":"bcfb3da4-e8e9-4c38-be04-67627b1d368f","videoId":"f1d62f6a-824d-4979-8eb4-011e8777cd2b"}
{"level":"info","message":"Starting payment intent creation","operation":"createPaymentIntent","timestamp":"2024-11-04 09:59:31","userId":"bcfb3da4-e8e9-4c38-be04-67627b1d368f","videoId":"4ddfc9d8-b931-4704-96b4-63bb50c23d1d"}
{"level":"info","message":"Starting payment intent creation","operation":"createPaymentIntent","timestamp":"2024-11-04 10:25:27","userId":"1b4be118-d4e0-4f68-970b-a95bafcb549a","videoId":"09e875c7-b74b-4a0d-9d77-ef9e7d584b7b"}
{"level":"info","message":"Starting payment intent creation","operation":"createPaymentIntent","timestamp":"2024-11-04 10:27:10","userId":"1b4be118-d4e0-4f68-970b-a95bafcb549a","videoId":"09e875c7-b74b-4a0d-9d77-ef9e7d584b7b"}
{"level":"info","message":"Starting payment intent creation","operation":"createPaymentIntent","timestamp":"2024-11-04 10:31:58","userId":"1b4be118-d4e0-4f68-970b-a95bafcb549a","videoId":"b34906bb-3929-45de-951e-5273c3069ef3"}
{"level":"info","message":"Starting payment intent creation","operation":"createPaymentIntent","timestamp":"2024-11-04 10:45:09","userId":"1b4be118-d4e0-4f68-970b-a95bafcb549a","videoId":"b34906bb-3929-45de-951e-5273c3069ef3"}
{"level":"info","message":"Starting payment intent creation","operation":"createPaymentIntent","timestamp":"2024-11-04 10:47:40","userId":"1b4be118-d4e0-4f68-970b-a95bafcb549a","videoId":"f1d62f6a-824d-4979-8eb4-011e8777cd2b"}
{"level":"info","message":"Starting payment intent creation","operation":"createPaymentIntent","timestamp":"2024-11-04 10:54:12","userId":"1b4be118-d4e0-4f68-970b-a95bafcb549a","videoId":"0d485723-2ab6-457c-adeb-c7d868d5e116"}
{"level":"info","message":"Starting payment intent creation","operation":"createPaymentIntent","timestamp":"2024-11-04 10:56:27","userId":"1b4be118-d4e0-4f68-970b-a95bafcb549a","videoId":"b3b1bcc7-12b8-40ba-b4de-c4d41d94d00d"}
{"level":"info","message":"Starting payment intent creation","operation":"createPaymentIntent","timestamp":"2024-11-04 10:59:58","userId":"1b4be118-d4e0-4f68-970b-a95bafcb549a","videoId":"a167d231-8b26-49f4-a18b-62a9fa2e55e9"}
{"eventId":"evt_3QHUqQRp6s2wyKm70FTEx18j","eventType":"charge.succeeded","id":"evt_3QHUqQRp6s2wyKm70FTEx18j","level":"info","message":"Processing webhook event","objectId":"ch_3QHUqQRp6s2wyKm70bqN0Qsw","timestamp":"2024-11-04 11:17:42","type":"charge.succeeded"}
{"eventId":"evt_3QHUqQRp6s2wyKm70hVEGYyo","eventType":"payment_intent.succeeded","id":"evt_3QHUqQRp6s2wyKm70hVEGYyo","level":"info","message":"Processing webhook event","objectId":"pi_3QHUqQRp6s2wyKm70WrmAabR","timestamp":"2024-11-04 11:17:42","type":"payment_intent.succeeded"}
{"error":{"metadata":{}},"eventId":"evt_3QHUqQRp6s2wyKm70hVEGYyo","eventType":"payment_intent.succeeded","level":"error","message":"Invalid payment metadata","timestamp":"2024-11-04 11:17:42"}
{"eventId":"evt_3QHUqQRp6s2wyKm70Ztgk6My","eventType":"payment_intent.created","id":"evt_3QHUqQRp6s2wyKm70Ztgk6My","level":"info","message":"Processing webhook event","objectId":"pi_3QHUqQRp6s2wyKm70WrmAabR","timestamp":"2024-11-04 11:17:42","type":"payment_intent.created"}
{"eventId":"evt_3QHUqQRp6s2wyKm70W5yH9hL","eventType":"charge.updated","id":"evt_3QHUqQRp6s2wyKm70W5yH9hL","level":"info","message":"Processing webhook event","objectId":"ch_3QHUqQRp6s2wyKm70bqN0Qsw","timestamp":"2024-11-04 11:17:45","type":"charge.updated"}
{"level":"info","message":"Starting payment intent creation","operation":"createPaymentIntent","timestamp":"2024-11-04 11:18:39","userId":"1b4be118-d4e0-4f68-970b-a95bafcb549a","videoId":"3459bf3d-30c7-4e70-9b5f-b1f74ff83958"}
{"eventId":"evt_3QHUrLRp6s2wyKm70X5jMEmw","eventType":"payment_intent.created","id":"evt_3QHUrLRp6s2wyKm70X5jMEmw","level":"info","message":"Processing webhook event","objectId":"pi_3QHUrLRp6s2wyKm702iTwdv3","timestamp":"2024-11-04 11:18:39","type":"payment_intent.created"}
{"eventId":"evt_3QHUrLRp6s2wyKm70tuc5w0P","eventType":"payment_intent.succeeded","id":"evt_3QHUrLRp6s2wyKm70tuc5w0P","level":"info","message":"Processing webhook event","objectId":"pi_3QHUrLRp6s2wyKm702iTwdv3","timestamp":"2024-11-04 11:18:40","type":"payment_intent.succeeded"}
{"error":{"metadata":{"userId":"1b4be118-d4e0-4f68-970b-a95bafcb549a","videoId":"3459bf3d-30c7-4e70-9b5f-b1f74ff83958"}},"eventId":"evt_3QHUrLRp6s2wyKm70tuc5w0P","eventType":"payment_intent.succeeded","level":"error","message":"Invalid payment metadata","timestamp":"2024-11-04 11:18:41"}
{"eventId":"evt_3QHUrLRp6s2wyKm70dnCMd3v","eventType":"charge.succeeded","id":"evt_3QHUrLRp6s2wyKm70dnCMd3v","level":"info","message":"Processing webhook event","objectId":"ch_3QHUrLRp6s2wyKm70kBhK7JH","timestamp":"2024-11-04 11:18:41","type":"charge.succeeded"}
{"level":"info","message":"Starting payment intent creation","operation":"createPaymentIntent","timestamp":"2024-11-04 11:21:25","userId":"1b4be118-d4e0-4f68-970b-a95bafcb549a","videoId":"3459bf3d-30c7-4e70-9b5f-b1f74ff83958"}
{"eventId":"evt_3QHUu1Rp6s2wyKm711lQCtmF","eventType":"payment_intent.created","id":"evt_3QHUu1Rp6s2wyKm711lQCtmF","level":"info","message":"Processing webhook event","objectId":"pi_3QHUu1Rp6s2wyKm710nJpJ1U","timestamp":"2024-11-04 11:21:25","type":"payment_intent.created"}
{"eventId":"evt_3QHUu1Rp6s2wyKm71P9sEQVN","eventType":"payment_intent.succeeded","id":"evt_3QHUu1Rp6s2wyKm71P9sEQVN","level":"info","message":"Processing webhook event","objectId":"pi_3QHUu1Rp6s2wyKm710nJpJ1U","timestamp":"2024-11-04 11:21:27","type":"payment_intent.succeeded"}
{"error":{"metadata":{"userId":"1b4be118-d4e0-4f68-970b-a95bafcb549a","videoId":"3459bf3d-30c7-4e70-9b5f-b1f74ff83958"}},"eventId":"evt_3QHUu1Rp6s2wyKm71P9sEQVN","eventType":"payment_intent.succeeded","level":"error","message":"Invalid payment metadata","timestamp":"2024-11-04 11:21:27"}
{"eventId":"evt_3QHUu1Rp6s2wyKm71gVGc9EZ","eventType":"charge.succeeded","id":"evt_3QHUu1Rp6s2wyKm71gVGc9EZ","level":"info","message":"Processing webhook event","objectId":"ch_3QHUu1Rp6s2wyKm71f4wyOIR","timestamp":"2024-11-04 11:21:27","type":"charge.succeeded"}
{"level":"info","message":"Starting payment intent creation","operation":"createPaymentIntent","timestamp":"2024-11-04 11:24:32","userId":"1b4be118-d4e0-4f68-970b-a95bafcb549a","videoId":"3459bf3d-30c7-4e70-9b5f-b1f74ff83958"}
{"eventId":"evt_3QHUx3Rp6s2wyKm71qhbafwv","eventType":"payment_intent.created","id":"evt_3QHUx3Rp6s2wyKm71qhbafwv","level":"info","message":"Processing webhook event","objectId":"pi_3QHUx3Rp6s2wyKm71xTX4QvC","timestamp":"2024-11-04 11:24:33","type":"payment_intent.created"}
{"eventId":"evt_3QHUx3Rp6s2wyKm71BXmmlIc","eventType":"payment_intent.succeeded","id":"evt_3QHUx3Rp6s2wyKm71BXmmlIc","level":"info","message":"Processing webhook event","objectId":"pi_3QHUx3Rp6s2wyKm71xTX4QvC","timestamp":"2024-11-04 11:24:35","type":"payment_intent.succeeded"}
{"error":{"metadata":{"userId":"1b4be118-d4e0-4f68-970b-a95bafcb549a","videoId":"3459bf3d-30c7-4e70-9b5f-b1f74ff83958"}},"eventId":"evt_3QHUx3Rp6s2wyKm71BXmmlIc","eventType":"payment_intent.succeeded","level":"error","message":"Invalid payment metadata","timestamp":"2024-11-04 11:24:35"}
{"eventId":"evt_3QHUx3Rp6s2wyKm71yp7MMHq","eventType":"charge.succeeded","id":"evt_3QHUx3Rp6s2wyKm71yp7MMHq","level":"info","message":"Processing webhook event","objectId":"ch_3QHUx3Rp6s2wyKm71JkJfPcH","timestamp":"2024-11-04 11:24:35","type":"charge.succeeded"}
{"level":"info","message":"Starting payment intent creation","operation":"createPaymentIntent","timestamp":"2024-11-04 11:25:17","userId":"1b4be118-d4e0-4f68-970b-a95bafcb549a","videoId":"3459bf3d-30c7-4e70-9b5f-b1f74ff83958"}
{"eventId":"evt_3QHUxlRp6s2wyKm70sbXgf5N","eventType":"payment_intent.created","id":"evt_3QHUxlRp6s2wyKm70sbXgf5N","level":"info","message":"Processing webhook event","objectId":"pi_3QHUxlRp6s2wyKm70eCLzIko","timestamp":"2024-11-04 11:25:18","type":"payment_intent.created"}
{"eventId":"evt_3QHUxlRp6s2wyKm70s3M7BNY","eventType":"payment_intent.succeeded","id":"evt_3QHUxlRp6s2wyKm70s3M7BNY","level":"info","message":"Processing webhook event","objectId":"pi_3QHUxlRp6s2wyKm70eCLzIko","timestamp":"2024-11-04 11:25:19","type":"payment_intent.succeeded"}
{"error":{"metadata":{"userId":"1b4be118-d4e0-4f68-970b-a95bafcb549a","videoId":"3459bf3d-30c7-4e70-9b5f-b1f74ff83958"}},"eventId":"evt_3QHUxlRp6s2wyKm70s3M7BNY","eventType":"payment_intent.succeeded","level":"error","message":"Invalid payment metadata","timestamp":"2024-11-04 11:25:19"}
{"eventId":"evt_3QHUxlRp6s2wyKm70QL8CvOF","eventType":"charge.succeeded","id":"evt_3QHUxlRp6s2wyKm70QL8CvOF","level":"info","message":"Processing webhook event","objectId":"ch_3QHUxlRp6s2wyKm70BjBUHEo","timestamp":"2024-11-04 11:25:19","type":"charge.succeeded"}
{"level":"info","message":"Starting payment intent creation","operation":"createPaymentIntent","timestamp":"2024-11-04 11:25:59","userId":"1b4be118-d4e0-4f68-970b-a95bafcb549a","videoId":"7cab8dda-6c9e-4901-8883-46ea478da582"}
{"eventId":"evt_3QHUyRRp6s2wyKm715xCc7n4","eventType":"payment_intent.created","id":"evt_3QHUyRRp6s2wyKm715xCc7n4","level":"info","message":"Processing webhook event","objectId":"pi_3QHUyRRp6s2wyKm71jNG1p1s","timestamp":"2024-11-04 11:25:59","type":"payment_intent.created"}
{"eventId":"evt_3QHUyRRp6s2wyKm71zW8CaGM","eventType":"payment_intent.succeeded","id":"evt_3QHUyRRp6s2wyKm71zW8CaGM","level":"info","message":"Processing webhook event","objectId":"pi_3QHUyRRp6s2wyKm71jNG1p1s","timestamp":"2024-11-04 11:26:01","type":"payment_intent.succeeded"}
{"error":{"metadata":{"userId":"1b4be118-d4e0-4f68-970b-a95bafcb549a","videoId":"7cab8dda-6c9e-4901-8883-46ea478da582"}},"eventId":"evt_3QHUyRRp6s2wyKm71zW8CaGM","eventType":"payment_intent.succeeded","level":"error","message":"Invalid payment metadata","timestamp":"2024-11-04 11:26:01"}
{"eventId":"evt_3QHUyRRp6s2wyKm71Nynv85v","eventType":"charge.succeeded","id":"evt_3QHUyRRp6s2wyKm71Nynv85v","level":"info","message":"Processing webhook event","objectId":"ch_3QHUyRRp6s2wyKm714g77zuS","timestamp":"2024-11-04 11:26:01","type":"charge.succeeded"}
{"level":"info","message":"Starting payment intent creation","operation":"createPaymentIntent","timestamp":"2024-11-04 11:34:13","userId":"1b4be118-d4e0-4f68-970b-a95bafcb549a","videoId":"09e875c7-b74b-4a0d-9d77-ef9e7d584b7b"}
{"eventId":"evt_3QHV6PRp6s2wyKm71xlcIE5v","eventType":"payment_intent.created","id":"evt_3QHV6PRp6s2wyKm71xlcIE5v","level":"info","message":"Processing webhook event","objectId":"pi_3QHV6PRp6s2wyKm71Bkt7RL6","timestamp":"2024-11-04 11:34:13","type":"payment_intent.created"}
{"eventId":"evt_3QHV6PRp6s2wyKm71E2pWZYW","eventType":"payment_intent.succeeded","id":"evt_3QHV6PRp6s2wyKm71E2pWZYW","level":"info","message":"Processing webhook event","objectId":"pi_3QHV6PRp6s2wyKm71Bkt7RL6","timestamp":"2024-11-04 11:34:15","type":"payment_intent.succeeded"}
{"error":{"metadata":{"userId":"1b4be118-d4e0-4f68-970b-a95bafcb549a","videoId":"09e875c7-b74b-4a0d-9d77-ef9e7d584b7b"}},"eventId":"evt_3QHV6PRp6s2wyKm71E2pWZYW","eventType":"payment_intent.succeeded","level":"error","message":"Invalid payment metadata","timestamp":"2024-11-04 11:34:15"}
{"eventId":"evt_3QHV6PRp6s2wyKm71PE7uGWI","eventType":"charge.succeeded","id":"evt_3QHV6PRp6s2wyKm71PE7uGWI","level":"info","message":"Processing webhook event","objectId":"ch_3QHV6PRp6s2wyKm71bbafOVY","timestamp":"2024-11-04 11:34:15","type":"charge.succeeded"}
{"eventId":"evt_3QHV8iRp6s2wyKm71KbLDZsf","eventType":"payment_intent.succeeded","id":"evt_3QHV8iRp6s2wyKm71KbLDZsf","level":"info","message":"Processing webhook event","objectId":"pi_3QHV8iRp6s2wyKm71ANXAGwk","timestamp":"2024-11-04 11:36:37","type":"payment_intent.succeeded"}
{"error":{"metadata":{}},"eventId":"evt_3QHV8iRp6s2wyKm71KbLDZsf","eventType":"payment_intent.succeeded","level":"error","message":"Invalid payment metadata","timestamp":"2024-11-04 11:36:37"}
{"eventId":"evt_3QHV8iRp6s2wyKm71M5x7g1y","eventType":"charge.succeeded","id":"evt_3QHV8iRp6s2wyKm71M5x7g1y","level":"info","message":"Processing webhook event","objectId":"ch_3QHV8iRp6s2wyKm71v6hW6AK","timestamp":"2024-11-04 11:36:37","type":"charge.succeeded"}
{"eventId":"evt_3QHV8iRp6s2wyKm71zWjrZ3i","eventType":"payment_intent.created","id":"evt_3QHV8iRp6s2wyKm71zWjrZ3i","level":"info","message":"Processing webhook event","objectId":"pi_3QHV8iRp6s2wyKm71ANXAGwk","timestamp":"2024-11-04 11:36:37","type":"payment_intent.created"}
{"eventId":"evt_3QHV8iRp6s2wyKm71Jre0JFc","eventType":"charge.updated","id":"evt_3QHV8iRp6s2wyKm71Jre0JFc","level":"info","message":"Processing webhook event","objectId":"ch_3QHV8iRp6s2wyKm71v6hW6AK","timestamp":"2024-11-04 11:36:39","type":"charge.updated"}
{"eventId":"evt_3QHV92Rp6s2wyKm71OU3zuHy","eventType":"payment_intent.created","id":"evt_3QHV92Rp6s2wyKm71OU3zuHy","level":"info","message":"Processing webhook event","objectId":"pi_3QHV92Rp6s2wyKm710B1HwJZ","timestamp":"2024-11-04 11:36:56","type":"payment_intent.created"}
{"eventId":"evt_3QHV9SRp6s2wyKm71zFyyMRM","eventType":"charge.succeeded","id":"evt_3QHV9SRp6s2wyKm71zFyyMRM","level":"info","message":"Processing webhook event","objectId":"ch_3QHV9SRp6s2wyKm71hP7K8Xs","timestamp":"2024-11-04 11:37:23","type":"charge.succeeded"}
{"eventId":"evt_3QHV9SRp6s2wyKm718KDK0W5","eventType":"payment_intent.succeeded","id":"evt_3QHV9SRp6s2wyKm718KDK0W5","level":"info","message":"Processing webhook event","objectId":"pi_3QHV9SRp6s2wyKm71f4lWamX","timestamp":"2024-11-04 11:37:23","type":"payment_intent.succeeded"}
{"error":{"metadata":{}},"eventId":"evt_3QHV9SRp6s2wyKm718KDK0W5","eventType":"payment_intent.succeeded","level":"error","message":"Invalid payment metadata","timestamp":"2024-11-04 11:37:23"}
{"eventId":"evt_3QHV9SRp6s2wyKm71x3exGad","eventType":"payment_intent.created","id":"evt_3QHV9SRp6s2wyKm71x3exGad","level":"info","message":"Processing webhook event","objectId":"pi_3QHV9SRp6s2wyKm71f4lWamX","timestamp":"2024-11-04 11:37:23","type":"payment_intent.created"}
{"eventId":"evt_3QHV9SRp6s2wyKm71rN2oUFz","eventType":"charge.updated","id":"evt_3QHV9SRp6s2wyKm71rN2oUFz","level":"info","message":"Processing webhook event","objectId":"ch_3QHV9SRp6s2wyKm71hP7K8Xs","timestamp":"2024-11-04 11:37:25","type":"charge.updated"}
{"level":"info","message":"Starting payment intent creation","operation":"createPaymentIntent","timestamp":"2024-11-04 11:39:51","userId":"1b4be118-d4e0-4f68-970b-a95bafcb549a","videoId":"f1d62f6a-824d-4979-8eb4-011e8777cd2b"}
{"eventId":"evt_3QHVBrRp6s2wyKm71LMJRYww","eventType":"payment_intent.created","id":"evt_3QHVBrRp6s2wyKm71LMJRYww","level":"info","message":"Processing webhook event","objectId":"pi_3QHVBrRp6s2wyKm71U5Wy6fg","timestamp":"2024-11-04 11:39:51","type":"payment_intent.created"}
{"eventId":"evt_3QHVBrRp6s2wyKm71gsLg7Bs","eventType":"charge.succeeded","id":"evt_3QHVBrRp6s2wyKm71gsLg7Bs","level":"info","message":"Processing webhook event","objectId":"ch_3QHVBrRp6s2wyKm71lxqlYcE","timestamp":"2024-11-04 11:39:53","type":"charge.succeeded"}
{"eventId":"evt_3QHVBrRp6s2wyKm71fBpgb5J","eventType":"payment_intent.succeeded","id":"evt_3QHVBrRp6s2wyKm71fBpgb5J","level":"info","message":"Processing webhook event","objectId":"pi_3QHVBrRp6s2wyKm71U5Wy6fg","timestamp":"2024-11-04 11:39:54","type":"payment_intent.succeeded"}
{"error":{"metadata":{"userId":"1b4be118-d4e0-4f68-970b-a95bafcb549a","videoId":"f1d62f6a-824d-4979-8eb4-011e8777cd2b"}},"eventId":"evt_3QHVBrRp6s2wyKm71fBpgb5J","eventType":"payment_intent.succeeded","level":"error","message":"Invalid payment metadata","timestamp":"2024-11-04 11:39:54"}
