{"level":"info","message":"Starting payment intent creation","operation":"createPaymentIntent","timestamp":"2024-11-08 12:43:12","userId":"d6b8aa43-d514-4e14-8984-7121c99fa86a","videoId":"b3b1bcc7-12b8-40ba-b4de-c4d41d94d00d"}
{"level":"info","message":"Starting payment intent creation","operation":"createPaymentIntent","timestamp":"2024-11-08 12:46:18","userId":"d6b8aa43-d514-4e14-8984-7121c99fa86a","videoId":"90aa4cfc-4d45-4d22-9e67-5c3c0eb48613"}
{"level":"info","message":"Verifying purchase","paymentIntentId":"pi_3QIy8NRp6s2wyKm70dirA23K","timestamp":"2024-11-08 12:53:34","userId":"d6b8aa43-d514-4e14-8984-7121c99fa86a","videoId":"90aa4cfc-4d45-4d22-9e67-5c3c0eb48613"}
{"error":{"paymentIntentId":"pi_3QIy8NRp6s2wyKm70dirA23K","userId":"d6b8aa43-d514-4e14-8984-7121c99fa86a","videoId":"90aa4cfc-4d45-4d22-9e67-5c3c0eb48613"},"level":"error","message":"Purchase not found during verification","timestamp":"2024-11-08 12:53:34"}
{"level":"info","message":"Verifying purchase","paymentIntentId":"pi_3QIy8NRp6s2wyKm70dirA23K","timestamp":"2024-11-08 12:53:40","userId":"d6b8aa43-d514-4e14-8984-7121c99fa86a","videoId":"90aa4cfc-4d45-4d22-9e67-5c3c0eb48613"}
{"error":{"paymentIntentId":"pi_3QIy8NRp6s2wyKm70dirA23K","userId":"d6b8aa43-d514-4e14-8984-7121c99fa86a","videoId":"90aa4cfc-4d45-4d22-9e67-5c3c0eb48613"},"level":"error","message":"Purchase not found during verification","timestamp":"2024-11-08 12:53:40"}
{"level":"info","message":"Verifying purchase","paymentIntentId":"pi_3QIy8NRp6s2wyKm70dirA23K","timestamp":"2024-11-08 12:53:46","userId":"d6b8aa43-d514-4e14-8984-7121c99fa86a","videoId":"90aa4cfc-4d45-4d22-9e67-5c3c0eb48613"}
{"error":{"paymentIntentId":"pi_3QIy8NRp6s2wyKm70dirA23K","userId":"d6b8aa43-d514-4e14-8984-7121c99fa86a","videoId":"90aa4cfc-4d45-4d22-9e67-5c3c0eb48613"},"level":"error","message":"Purchase not found during verification","timestamp":"2024-11-08 12:53:46"}
{"level":"info","message":"Verifying purchase","paymentIntentId":"pi_3QIy8NRp6s2wyKm70dirA23K","timestamp":"2024-11-08 12:53:52","userId":"d6b8aa43-d514-4e14-8984-7121c99fa86a","videoId":"90aa4cfc-4d45-4d22-9e67-5c3c0eb48613"}
{"error":{"paymentIntentId":"pi_3QIy8NRp6s2wyKm70dirA23K","userId":"d6b8aa43-d514-4e14-8984-7121c99fa86a","videoId":"90aa4cfc-4d45-4d22-9e67-5c3c0eb48613"},"level":"error","message":"Purchase not found during verification","timestamp":"2024-11-08 12:53:52"}
{"level":"info","message":"Verifying purchase","paymentIntentId":"pi_3QIy8NRp6s2wyKm70dirA23K","timestamp":"2024-11-08 12:53:58","userId":"d6b8aa43-d514-4e14-8984-7121c99fa86a","videoId":"90aa4cfc-4d45-4d22-9e67-5c3c0eb48613"}
{"error":{"paymentIntentId":"pi_3QIy8NRp6s2wyKm70dirA23K","userId":"d6b8aa43-d514-4e14-8984-7121c99fa86a","videoId":"90aa4cfc-4d45-4d22-9e67-5c3c0eb48613"},"level":"error","message":"Purchase not found during verification","timestamp":"2024-11-08 12:53:58"}
{"level":"info","message":"Verifying purchase","paymentIntentId":"pi_3QIy8NRp6s2wyKm70dirA23K","timestamp":"2024-11-08 12:54:04","userId":"d6b8aa43-d514-4e14-8984-7121c99fa86a","videoId":"90aa4cfc-4d45-4d22-9e67-5c3c0eb48613"}
{"error":{"paymentIntentId":"pi_3QIy8NRp6s2wyKm70dirA23K","userId":"d6b8aa43-d514-4e14-8984-7121c99fa86a","videoId":"90aa4cfc-4d45-4d22-9e67-5c3c0eb48613"},"level":"error","message":"Purchase not found during verification","timestamp":"2024-11-08 12:54:04"}
{"level":"info","message":"Verifying purchase","paymentIntentId":"pi_3QIy8NRp6s2wyKm70dirA23K","timestamp":"2024-11-08 12:54:10","userId":"d6b8aa43-d514-4e14-8984-7121c99fa86a","videoId":"90aa4cfc-4d45-4d22-9e67-5c3c0eb48613"}
{"error":{"paymentIntentId":"pi_3QIy8NRp6s2wyKm70dirA23K","userId":"d6b8aa43-d514-4e14-8984-7121c99fa86a","videoId":"90aa4cfc-4d45-4d22-9e67-5c3c0eb48613"},"level":"error","message":"Purchase not found during verification","timestamp":"2024-11-08 12:54:10"}
{"level":"info","message":"Verifying purchase","paymentIntentId":"pi_3QIy8NRp6s2wyKm70dirA23K","timestamp":"2024-11-08 12:54:16","userId":"d6b8aa43-d514-4e14-8984-7121c99fa86a","videoId":"90aa4cfc-4d45-4d22-9e67-5c3c0eb48613"}
{"error":{"paymentIntentId":"pi_3QIy8NRp6s2wyKm70dirA23K","userId":"d6b8aa43-d514-4e14-8984-7121c99fa86a","videoId":"90aa4cfc-4d45-4d22-9e67-5c3c0eb48613"},"level":"error","message":"Purchase not found during verification","timestamp":"2024-11-08 12:54:16"}
{"level":"info","message":"Verifying purchase","paymentIntentId":"pi_3QIy8NRp6s2wyKm70dirA23K","timestamp":"2024-11-08 12:54:22","userId":"d6b8aa43-d514-4e14-8984-7121c99fa86a","videoId":"90aa4cfc-4d45-4d22-9e67-5c3c0eb48613"}
{"error":{"paymentIntentId":"pi_3QIy8NRp6s2wyKm70dirA23K","userId":"d6b8aa43-d514-4e14-8984-7121c99fa86a","videoId":"90aa4cfc-4d45-4d22-9e67-5c3c0eb48613"},"level":"error","message":"Purchase not found during verification","timestamp":"2024-11-08 12:54:22"}
{"level":"info","message":"Verifying purchase","paymentIntentId":"pi_3QIy8NRp6s2wyKm70dirA23K","timestamp":"2024-11-08 12:54:28","userId":"d6b8aa43-d514-4e14-8984-7121c99fa86a","videoId":"90aa4cfc-4d45-4d22-9e67-5c3c0eb48613"}
{"error":{"paymentIntentId":"pi_3QIy8NRp6s2wyKm70dirA23K","userId":"d6b8aa43-d514-4e14-8984-7121c99fa86a","videoId":"90aa4cfc-4d45-4d22-9e67-5c3c0eb48613"},"level":"error","message":"Purchase not found during verification","timestamp":"2024-11-08 12:54:28"}
{"level":"info","message":"Verifying purchase","paymentIntentId":"pi_3QIy8NRp6s2wyKm70dirA23K","timestamp":"2024-11-08 12:54:34","userId":"d6b8aa43-d514-4e14-8984-7121c99fa86a","videoId":"90aa4cfc-4d45-4d22-9e67-5c3c0eb48613"}
{"error":{"paymentIntentId":"pi_3QIy8NRp6s2wyKm70dirA23K","userId":"d6b8aa43-d514-4e14-8984-7121c99fa86a","videoId":"90aa4cfc-4d45-4d22-9e67-5c3c0eb48613"},"level":"error","message":"Purchase not found during verification","timestamp":"2024-11-08 12:54:34"}
{"level":"info","message":"Verifying purchase","paymentIntentId":"pi_3QIy8NRp6s2wyKm70dirA23K","timestamp":"2024-11-08 12:54:40","userId":"d6b8aa43-d514-4e14-8984-7121c99fa86a","videoId":"90aa4cfc-4d45-4d22-9e67-5c3c0eb48613"}
{"error":{"paymentIntentId":"pi_3QIy8NRp6s2wyKm70dirA23K","userId":"d6b8aa43-d514-4e14-8984-7121c99fa86a","videoId":"90aa4cfc-4d45-4d22-9e67-5c3c0eb48613"},"level":"error","message":"Purchase not found during verification","timestamp":"2024-11-08 12:54:40"}
{"level":"info","message":"Verifying purchase","paymentIntentId":"pi_3QIy8NRp6s2wyKm70dirA23K","timestamp":"2024-11-08 12:54:46","userId":"d6b8aa43-d514-4e14-8984-7121c99fa86a","videoId":"90aa4cfc-4d45-4d22-9e67-5c3c0eb48613"}
{"error":{"paymentIntentId":"pi_3QIy8NRp6s2wyKm70dirA23K","userId":"d6b8aa43-d514-4e14-8984-7121c99fa86a","videoId":"90aa4cfc-4d45-4d22-9e67-5c3c0eb48613"},"level":"error","message":"Purchase not found during verification","timestamp":"2024-11-08 12:54:46"}
{"level":"info","message":"Verifying purchase","paymentIntentId":"pi_3QIy8NRp6s2wyKm70dirA23K","timestamp":"2024-11-08 12:54:52","userId":"d6b8aa43-d514-4e14-8984-7121c99fa86a","videoId":"90aa4cfc-4d45-4d22-9e67-5c3c0eb48613"}
{"error":{"paymentIntentId":"pi_3QIy8NRp6s2wyKm70dirA23K","userId":"d6b8aa43-d514-4e14-8984-7121c99fa86a","videoId":"90aa4cfc-4d45-4d22-9e67-5c3c0eb48613"},"level":"error","message":"Purchase not found during verification","timestamp":"2024-11-08 12:54:52"}
{"level":"info","message":"Verifying purchase","paymentIntentId":"pi_3QIy8NRp6s2wyKm70dirA23K","timestamp":"2024-11-08 12:54:58","userId":"d6b8aa43-d514-4e14-8984-7121c99fa86a","videoId":"90aa4cfc-4d45-4d22-9e67-5c3c0eb48613"}
{"error":{"paymentIntentId":"pi_3QIy8NRp6s2wyKm70dirA23K","userId":"d6b8aa43-d514-4e14-8984-7121c99fa86a","videoId":"90aa4cfc-4d45-4d22-9e67-5c3c0eb48613"},"level":"error","message":"Purchase not found during verification","timestamp":"2024-11-08 12:54:58"}
{"level":"info","message":"Verifying purchase","paymentIntentId":"pi_3QIy8NRp6s2wyKm70dirA23K","timestamp":"2024-11-08 12:55:04","userId":"d6b8aa43-d514-4e14-8984-7121c99fa86a","videoId":"90aa4cfc-4d45-4d22-9e67-5c3c0eb48613"}
{"error":{"paymentIntentId":"pi_3QIy8NRp6s2wyKm70dirA23K","userId":"d6b8aa43-d514-4e14-8984-7121c99fa86a","videoId":"90aa4cfc-4d45-4d22-9e67-5c3c0eb48613"},"level":"error","message":"Purchase not found during verification","timestamp":"2024-11-08 12:55:04"}
{"level":"info","message":"Verifying purchase","paymentIntentId":"pi_3QIy8NRp6s2wyKm70dirA23K","timestamp":"2024-11-08 12:55:10","userId":"d6b8aa43-d514-4e14-8984-7121c99fa86a","videoId":"90aa4cfc-4d45-4d22-9e67-5c3c0eb48613"}
{"error":{"paymentIntentId":"pi_3QIy8NRp6s2wyKm70dirA23K","userId":"d6b8aa43-d514-4e14-8984-7121c99fa86a","videoId":"90aa4cfc-4d45-4d22-9e67-5c3c0eb48613"},"level":"error","message":"Purchase not found during verification","timestamp":"2024-11-08 12:55:10"}
{"level":"info","message":"Verifying purchase","paymentIntentId":"pi_3QIy8NRp6s2wyKm70dirA23K","timestamp":"2024-11-08 12:55:37","userId":"d6b8aa43-d514-4e14-8984-7121c99fa86a","videoId":"90aa4cfc-4d45-4d22-9e67-5c3c0eb48613"}
{"error":{"paymentIntentId":"pi_3QIy8NRp6s2wyKm70dirA23K","userId":"d6b8aa43-d514-4e14-8984-7121c99fa86a","videoId":"90aa4cfc-4d45-4d22-9e67-5c3c0eb48613"},"level":"error","message":"Purchase not found during verification","timestamp":"2024-11-08 12:55:37"}
{"level":"info","message":"Verifying purchase","paymentIntentId":"pi_3QIy8NRp6s2wyKm70dirA23K","timestamp":"2024-11-08 12:55:42","userId":"d6b8aa43-d514-4e14-8984-7121c99fa86a","videoId":"90aa4cfc-4d45-4d22-9e67-5c3c0eb48613"}
{"error":{"paymentIntentId":"pi_3QIy8NRp6s2wyKm70dirA23K","userId":"d6b8aa43-d514-4e14-8984-7121c99fa86a","videoId":"90aa4cfc-4d45-4d22-9e67-5c3c0eb48613"},"level":"error","message":"Purchase not found during verification","timestamp":"2024-11-08 12:55:42"}
{"level":"info","message":"Verifying purchase","paymentIntentId":"pi_3QIy8NRp6s2wyKm70dirA23K","timestamp":"2024-11-08 12:55:47","userId":"d6b8aa43-d514-4e14-8984-7121c99fa86a","videoId":"90aa4cfc-4d45-4d22-9e67-5c3c0eb48613"}
{"error":{"paymentIntentId":"pi_3QIy8NRp6s2wyKm70dirA23K","userId":"d6b8aa43-d514-4e14-8984-7121c99fa86a","videoId":"90aa4cfc-4d45-4d22-9e67-5c3c0eb48613"},"level":"error","message":"Purchase not found during verification","timestamp":"2024-11-08 12:55:47"}
{"level":"info","message":"Starting payment intent creation","operation":"createPaymentIntent","timestamp":"2024-11-08 12:55:52","userId":"d6b8aa43-d514-4e14-8984-7121c99fa86a","videoId":"b34906bb-3929-45de-951e-5273c3069ef3"}
{"level":"info","message":"Verifying purchase","paymentIntentId":"pi_3QIy8NRp6s2wyKm70dirA23K","timestamp":"2024-11-08 12:55:53","userId":"d6b8aa43-d514-4e14-8984-7121c99fa86a","videoId":"90aa4cfc-4d45-4d22-9e67-5c3c0eb48613"}
{"error":{"paymentIntentId":"pi_3QIy8NRp6s2wyKm70dirA23K","userId":"d6b8aa43-d514-4e14-8984-7121c99fa86a","videoId":"90aa4cfc-4d45-4d22-9e67-5c3c0eb48613"},"level":"error","message":"Purchase not found during verification","timestamp":"2024-11-08 12:55:53"}
{"level":"info","message":"Verifying purchase","paymentIntentId":"pi_3QIy8NRp6s2wyKm70dirA23K","timestamp":"2024-11-08 12:55:58","userId":"d6b8aa43-d514-4e14-8984-7121c99fa86a","videoId":"90aa4cfc-4d45-4d22-9e67-5c3c0eb48613"}
{"error":{"paymentIntentId":"pi_3QIy8NRp6s2wyKm70dirA23K","userId":"d6b8aa43-d514-4e14-8984-7121c99fa86a","videoId":"90aa4cfc-4d45-4d22-9e67-5c3c0eb48613"},"level":"error","message":"Purchase not found during verification","timestamp":"2024-11-08 12:55:58"}
{"level":"info","message":"Verifying purchase","paymentIntentId":"pi_3QIy8NRp6s2wyKm70dirA23K","timestamp":"2024-11-08 12:56:03","userId":"d6b8aa43-d514-4e14-8984-7121c99fa86a","videoId":"90aa4cfc-4d45-4d22-9e67-5c3c0eb48613"}
{"error":{"paymentIntentId":"pi_3QIy8NRp6s2wyKm70dirA23K","userId":"d6b8aa43-d514-4e14-8984-7121c99fa86a","videoId":"90aa4cfc-4d45-4d22-9e67-5c3c0eb48613"},"level":"error","message":"Purchase not found during verification","timestamp":"2024-11-08 12:56:03"}
{"level":"info","message":"Starting payment intent creation","operation":"createPaymentIntent","timestamp":"2024-11-08 13:05:21","userId":"d6b8aa43-d514-4e14-8984-7121c99fa86a","videoId":"b34906bb-3929-45de-951e-5273c3069ef3"}
{"level":"info","message":"Starting payment intent creation","operation":"createPaymentIntent","timestamp":"2024-11-08 13:05:47","userId":"d6b8aa43-d514-4e14-8984-7121c99fa86a","videoId":"3459bf3d-30c7-4e70-9b5f-b1f74ff83958"}
{"level":"info","message":"Starting payment intent creation","operation":"createPaymentIntent","timestamp":"2024-11-08 13:06:26","userId":"d6b8aa43-d514-4e14-8984-7121c99fa86a","videoId":"09e875c7-b74b-4a0d-9d77-ef9e7d584b7b"}
{"level":"info","message":"Starting payment intent creation","operation":"createPaymentIntent","timestamp":"2024-11-08 13:08:22","userId":"d6b8aa43-d514-4e14-8984-7121c99fa86a","videoId":"09e875c7-b74b-4a0d-9d77-ef9e7d584b7b"}
{"level":"info","message":"Verifying purchase","paymentIntentId":"pi_3QIyTkRp6s2wyKm71VeBIpKr","timestamp":"2024-11-08 13:08:25","userId":"d6b8aa43-d514-4e14-8984-7121c99fa86a","videoId":"09e875c7-b74b-4a0d-9d77-ef9e7d584b7b"}
{"error":{"paymentIntentId":"pi_3QIyTkRp6s2wyKm71VeBIpKr","userId":"d6b8aa43-d514-4e14-8984-7121c99fa86a","videoId":"09e875c7-b74b-4a0d-9d77-ef9e7d584b7b"},"level":"error","message":"Purchase not found during verification","timestamp":"2024-11-08 13:08:25"}
{"level":"info","message":"Starting payment intent creation","operation":"createPaymentIntent","timestamp":"2024-11-08 13:08:32","userId":"d6b8aa43-d514-4e14-8984-7121c99fa86a","videoId":"09e875c7-b74b-4a0d-9d77-ef9e7d584b7b"}
{"level":"info","message":"Verifying purchase","paymentIntentId":"pi_3QIyTtRp6s2wyKm70tjGjoho","timestamp":"2024-11-08 13:08:33","userId":"d6b8aa43-d514-4e14-8984-7121c99fa86a","videoId":"09e875c7-b74b-4a0d-9d77-ef9e7d584b7b"}
{"error":{"paymentIntentId":"pi_3QIyTtRp6s2wyKm70tjGjoho","userId":"d6b8aa43-d514-4e14-8984-7121c99fa86a","videoId":"09e875c7-b74b-4a0d-9d77-ef9e7d584b7b"},"level":"error","message":"Purchase not found during verification","timestamp":"2024-11-08 13:08:33"}
{"level":"info","message":"Starting payment intent creation","operation":"createPaymentIntent","timestamp":"2024-11-08 13:08:48","userId":"d6b8aa43-d514-4e14-8984-7121c99fa86a","videoId":"f1d62f6a-824d-4979-8eb4-011e8777cd2b"}
{"level":"info","message":"Verifying purchase","paymentIntentId":"pi_3QIyU9Rp6s2wyKm71xS6i3ry","timestamp":"2024-11-08 13:08:50","userId":"d6b8aa43-d514-4e14-8984-7121c99fa86a","videoId":"f1d62f6a-824d-4979-8eb4-011e8777cd2b"}
{"error":{"paymentIntentId":"pi_3QIyU9Rp6s2wyKm71xS6i3ry","userId":"d6b8aa43-d514-4e14-8984-7121c99fa86a","videoId":"f1d62f6a-824d-4979-8eb4-011e8777cd2b"},"level":"error","message":"Purchase not found during verification","timestamp":"2024-11-08 13:08:50"}
