{"error":{"paymentIntentId":"pi_3QIy8NRp6s2wyKm70dirA23K","userId":"d6b8aa43-d514-4e14-8984-7121c99fa86a","videoId":"90aa4cfc-4d45-4d22-9e67-5c3c0eb48613"},"level":"error","message":"Purchase not found during verification","timestamp":"2024-11-08 12:53:34"}
{"error":{"paymentIntentId":"pi_3QIy8NRp6s2wyKm70dirA23K","userId":"d6b8aa43-d514-4e14-8984-7121c99fa86a","videoId":"90aa4cfc-4d45-4d22-9e67-5c3c0eb48613"},"level":"error","message":"Purchase not found during verification","timestamp":"2024-11-08 12:53:40"}
{"error":{"paymentIntentId":"pi_3QIy8NRp6s2wyKm70dirA23K","userId":"d6b8aa43-d514-4e14-8984-7121c99fa86a","videoId":"90aa4cfc-4d45-4d22-9e67-5c3c0eb48613"},"level":"error","message":"Purchase not found during verification","timestamp":"2024-11-08 12:53:46"}
{"error":{"paymentIntentId":"pi_3QIy8NRp6s2wyKm70dirA23K","userId":"d6b8aa43-d514-4e14-8984-7121c99fa86a","videoId":"90aa4cfc-4d45-4d22-9e67-5c3c0eb48613"},"level":"error","message":"Purchase not found during verification","timestamp":"2024-11-08 12:53:52"}
{"error":{"paymentIntentId":"pi_3QIy8NRp6s2wyKm70dirA23K","userId":"d6b8aa43-d514-4e14-8984-7121c99fa86a","videoId":"90aa4cfc-4d45-4d22-9e67-5c3c0eb48613"},"level":"error","message":"Purchase not found during verification","timestamp":"2024-11-08 12:53:58"}
{"error":{"paymentIntentId":"pi_3QIy8NRp6s2wyKm70dirA23K","userId":"d6b8aa43-d514-4e14-8984-7121c99fa86a","videoId":"90aa4cfc-4d45-4d22-9e67-5c3c0eb48613"},"level":"error","message":"Purchase not found during verification","timestamp":"2024-11-08 12:54:04"}
{"error":{"paymentIntentId":"pi_3QIy8NRp6s2wyKm70dirA23K","userId":"d6b8aa43-d514-4e14-8984-7121c99fa86a","videoId":"90aa4cfc-4d45-4d22-9e67-5c3c0eb48613"},"level":"error","message":"Purchase not found during verification","timestamp":"2024-11-08 12:54:10"}
{"error":{"paymentIntentId":"pi_3QIy8NRp6s2wyKm70dirA23K","userId":"d6b8aa43-d514-4e14-8984-7121c99fa86a","videoId":"90aa4cfc-4d45-4d22-9e67-5c3c0eb48613"},"level":"error","message":"Purchase not found during verification","timestamp":"2024-11-08 12:54:16"}
{"error":{"paymentIntentId":"pi_3QIy8NRp6s2wyKm70dirA23K","userId":"d6b8aa43-d514-4e14-8984-7121c99fa86a","videoId":"90aa4cfc-4d45-4d22-9e67-5c3c0eb48613"},"level":"error","message":"Purchase not found during verification","timestamp":"2024-11-08 12:54:22"}
{"error":{"paymentIntentId":"pi_3QIy8NRp6s2wyKm70dirA23K","userId":"d6b8aa43-d514-4e14-8984-7121c99fa86a","videoId":"90aa4cfc-4d45-4d22-9e67-5c3c0eb48613"},"level":"error","message":"Purchase not found during verification","timestamp":"2024-11-08 12:54:28"}
{"error":{"paymentIntentId":"pi_3QIy8NRp6s2wyKm70dirA23K","userId":"d6b8aa43-d514-4e14-8984-7121c99fa86a","videoId":"90aa4cfc-4d45-4d22-9e67-5c3c0eb48613"},"level":"error","message":"Purchase not found during verification","timestamp":"2024-11-08 12:54:34"}
{"error":{"paymentIntentId":"pi_3QIy8NRp6s2wyKm70dirA23K","userId":"d6b8aa43-d514-4e14-8984-7121c99fa86a","videoId":"90aa4cfc-4d45-4d22-9e67-5c3c0eb48613"},"level":"error","message":"Purchase not found during verification","timestamp":"2024-11-08 12:54:40"}
{"error":{"paymentIntentId":"pi_3QIy8NRp6s2wyKm70dirA23K","userId":"d6b8aa43-d514-4e14-8984-7121c99fa86a","videoId":"90aa4cfc-4d45-4d22-9e67-5c3c0eb48613"},"level":"error","message":"Purchase not found during verification","timestamp":"2024-11-08 12:54:46"}
{"error":{"paymentIntentId":"pi_3QIy8NRp6s2wyKm70dirA23K","userId":"d6b8aa43-d514-4e14-8984-7121c99fa86a","videoId":"90aa4cfc-4d45-4d22-9e67-5c3c0eb48613"},"level":"error","message":"Purchase not found during verification","timestamp":"2024-11-08 12:54:52"}
{"error":{"paymentIntentId":"pi_3QIy8NRp6s2wyKm70dirA23K","userId":"d6b8aa43-d514-4e14-8984-7121c99fa86a","videoId":"90aa4cfc-4d45-4d22-9e67-5c3c0eb48613"},"level":"error","message":"Purchase not found during verification","timestamp":"2024-11-08 12:54:58"}
{"error":{"paymentIntentId":"pi_3QIy8NRp6s2wyKm70dirA23K","userId":"d6b8aa43-d514-4e14-8984-7121c99fa86a","videoId":"90aa4cfc-4d45-4d22-9e67-5c3c0eb48613"},"level":"error","message":"Purchase not found during verification","timestamp":"2024-11-08 12:55:04"}
{"error":{"paymentIntentId":"pi_3QIy8NRp6s2wyKm70dirA23K","userId":"d6b8aa43-d514-4e14-8984-7121c99fa86a","videoId":"90aa4cfc-4d45-4d22-9e67-5c3c0eb48613"},"level":"error","message":"Purchase not found during verification","timestamp":"2024-11-08 12:55:10"}
{"error":{"paymentIntentId":"pi_3QIy8NRp6s2wyKm70dirA23K","userId":"d6b8aa43-d514-4e14-8984-7121c99fa86a","videoId":"90aa4cfc-4d45-4d22-9e67-5c3c0eb48613"},"level":"error","message":"Purchase not found during verification","timestamp":"2024-11-08 12:55:37"}
{"error":{"paymentIntentId":"pi_3QIy8NRp6s2wyKm70dirA23K","userId":"d6b8aa43-d514-4e14-8984-7121c99fa86a","videoId":"90aa4cfc-4d45-4d22-9e67-5c3c0eb48613"},"level":"error","message":"Purchase not found during verification","timestamp":"2024-11-08 12:55:42"}
{"error":{"paymentIntentId":"pi_3QIy8NRp6s2wyKm70dirA23K","userId":"d6b8aa43-d514-4e14-8984-7121c99fa86a","videoId":"90aa4cfc-4d45-4d22-9e67-5c3c0eb48613"},"level":"error","message":"Purchase not found during verification","timestamp":"2024-11-08 12:55:47"}
{"error":{"paymentIntentId":"pi_3QIy8NRp6s2wyKm70dirA23K","userId":"d6b8aa43-d514-4e14-8984-7121c99fa86a","videoId":"90aa4cfc-4d45-4d22-9e67-5c3c0eb48613"},"level":"error","message":"Purchase not found during verification","timestamp":"2024-11-08 12:55:53"}
{"error":{"paymentIntentId":"pi_3QIy8NRp6s2wyKm70dirA23K","userId":"d6b8aa43-d514-4e14-8984-7121c99fa86a","videoId":"90aa4cfc-4d45-4d22-9e67-5c3c0eb48613"},"level":"error","message":"Purchase not found during verification","timestamp":"2024-11-08 12:55:58"}
{"error":{"paymentIntentId":"pi_3QIy8NRp6s2wyKm70dirA23K","userId":"d6b8aa43-d514-4e14-8984-7121c99fa86a","videoId":"90aa4cfc-4d45-4d22-9e67-5c3c0eb48613"},"level":"error","message":"Purchase not found during verification","timestamp":"2024-11-08 12:56:03"}
{"error":{"paymentIntentId":"pi_3QIyTkRp6s2wyKm71VeBIpKr","userId":"d6b8aa43-d514-4e14-8984-7121c99fa86a","videoId":"09e875c7-b74b-4a0d-9d77-ef9e7d584b7b"},"level":"error","message":"Purchase not found during verification","timestamp":"2024-11-08 13:08:25"}
{"error":{"paymentIntentId":"pi_3QIyTtRp6s2wyKm70tjGjoho","userId":"d6b8aa43-d514-4e14-8984-7121c99fa86a","videoId":"09e875c7-b74b-4a0d-9d77-ef9e7d584b7b"},"level":"error","message":"Purchase not found during verification","timestamp":"2024-11-08 13:08:33"}
{"error":{"paymentIntentId":"pi_3QIyU9Rp6s2wyKm71xS6i3ry","userId":"d6b8aa43-d514-4e14-8984-7121c99fa86a","videoId":"f1d62f6a-824d-4979-8eb4-011e8777cd2b"},"level":"error","message":"Purchase not found during verification","timestamp":"2024-11-08 13:08:50"}
{"error":{"message":"Video already purchased","name":"PaymentError","stack":"PaymentError: Video already purchased\n    at Function.createPaymentIntent (/Users/kevinklatman/Development/Code/stockvideo/server/src/services/payment.service.ts:57:13)\n    at processTicksAndRejections (node:internal/process/task_queues:105:5)\n    at async createPaymentIntent (/Users/kevinklatman/Development/Code/stockvideo/server/src/controllers/payment.controller.ts:33:29)"},"level":"error","message":"Payment intent creation failed:","operation":"createPaymentIntent","timestamp":"2024-11-08 15:39:27","userId":"fec7f41c-a494-4176-9ffe-4addc4f0f058","videoId":"399ba0f6-fa7a-414a-a5e0-3ec076ec62ff"}
{"error":{"message":"Video already purchased","name":"PaymentError","stack":"PaymentError: Video already purchased\n    at Function.createPaymentIntent (/Users/kevinklatman/Development/Code/stockvideo/server/src/services/payment.service.ts:57:13)\n    at processTicksAndRejections (node:internal/process/task_queues:105:5)\n    at async createPaymentIntent (/Users/kevinklatman/Development/Code/stockvideo/server/src/controllers/payment.controller.ts:33:29)"},"level":"error","message":"Payment intent creation failed:","operation":"createPaymentIntent","timestamp":"2024-11-08 15:39:29","userId":"fec7f41c-a494-4176-9ffe-4addc4f0f058","videoId":"399ba0f6-fa7a-414a-a5e0-3ec076ec62ff"}
